[05/25/2022 10:33:08 AM] INFO: Converting directory into training and validation datasets
[05/25/2022 10:33:10 AM] INFO: Generating model
[05/25/2022 10:33:10 AM] INFO: Compiling model
[05/25/2022 10:33:10 AM] INFO: Training model
[05/25/2022 10:36:48 AM] INFO: Converting directory into training and validation datasets
[05/25/2022 10:36:50 AM] INFO: Generating model
[05/25/2022 10:36:50 AM] INFO: Compiling model
[05/25/2022 10:36:50 AM] INFO: Training model
[05/25/2022 10:39:03 AM] INFO: Converting directory into training and validation datasets
[05/25/2022 10:39:05 AM] INFO: Generating model
[05/25/2022 10:39:05 AM] INFO: Compiling model
[05/25/2022 10:39:05 AM] INFO: Training model
[05/25/2022 10:39:22 AM] INFO: Converting directory into training and validation datasets
[05/25/2022 10:39:24 AM] INFO: Generating model
[05/25/2022 10:39:24 AM] INFO: Compiling model
[05/25/2022 10:39:24 AM] INFO: Training model
[05/25/2022 10:44:31 AM] INFO: Converting directory into training and validation datasets
[05/25/2022 10:44:33 AM] INFO: Generating model
[05/25/2022 10:44:33 AM] INFO: Compiling model
[05/25/2022 10:44:33 AM] INFO: Training model
[05/25/2022 10:45:42 AM] INFO: Converting directory into training and validation datasets
[05/25/2022 10:45:43 AM] INFO: Generating model
[05/25/2022 10:45:44 AM] INFO: Compiling model
[05/25/2022 10:45:44 AM] INFO: Training model
[05/25/2022 10:46:23 AM] INFO: Converting directory into training and validation datasets
[05/25/2022 10:46:25 AM] INFO: Generating model
[05/25/2022 10:46:25 AM] INFO: Compiling model
[05/25/2022 10:46:25 AM] INFO: Training model
[05/25/2022 10:46:53 AM] INFO: Converting directory into training and validation datasets
[05/25/2022 10:46:55 AM] INFO: Generating model
[05/25/2022 10:46:55 AM] INFO: Compiling model
[05/25/2022 10:46:56 AM] INFO: Training model
[05/25/2022 10:49:23 AM] INFO: Converting directory into training and validation datasets
[05/25/2022 10:49:26 AM] INFO: Generating model
[05/25/2022 10:49:27 AM] INFO: Compiling model
[05/25/2022 10:49:27 AM] INFO: Training model
[05/25/2022 10:51:13 AM] INFO: Finished Training
[05/25/2022 10:51:13 AM] INFO: Plotting accuracy and loss of training and validation data
[05/25/2022 10:51:16 AM] INFO: Making predictions on test dataset and organizing entries into confidence directories
[05/25/2022 10:55:47 AM] INFO: Converting directory into training and validation datasets
[05/25/2022 10:55:48 AM] INFO: Generating model
[05/25/2022 10:55:49 AM] INFO: Compiling model
[05/25/2022 10:55:49 AM] INFO: Training model
[05/25/2022 10:56:06 AM] INFO: Converting directory into training and validation datasets
[05/25/2022 10:56:07 AM] INFO: Generating model
[05/25/2022 10:56:08 AM] INFO: Compiling model
[05/25/2022 10:56:08 AM] INFO: Training model
[05/25/2022 11:00:40 AM] INFO: Finished Training
[05/25/2022 11:00:40 AM] INFO: Plotting accuracy and loss of training and validation data
[05/25/2022 11:00:43 AM] INFO: Making predictions on test dataset and organizing entries into confidence directories
[05/25/2022 11:03:47 AM] INFO: Converting directory into training and validation datasets
[05/25/2022 11:03:47 AM] INFO: Generating model
[05/25/2022 11:03:47 AM] INFO: Compiling model
[05/25/2022 11:03:47 AM] INFO: Training model
[05/25/2022 11:03:51 AM] INFO: Finished Training
[05/25/2022 11:03:51 AM] INFO: Plotting accuracy and loss of training and validation data
[05/25/2022 11:04:00 AM] INFO: Converting directory into training and validation datasets
[05/25/2022 11:04:01 AM] INFO: Generating model
[05/25/2022 11:04:01 AM] INFO: Compiling model
[05/25/2022 11:04:01 AM] INFO: Training model
[05/25/2022 11:04:30 AM] INFO: Finished Training
[05/25/2022 11:04:30 AM] INFO: Plotting accuracy and loss of training and validation data
[05/25/2022 11:04:34 AM] INFO: Making predictions on test dataset and organizing entries into confidence directories
[05/25/2022 11:06:45 AM] INFO: Converting directory into training and validation datasets
[05/25/2022 11:06:46 AM] INFO: Generating model
[05/25/2022 11:06:46 AM] INFO: Compiling model
[05/25/2022 11:06:46 AM] INFO: Training model
[05/25/2022 11:07:14 AM] INFO: Finished Training
[05/25/2022 11:07:14 AM] INFO: Plotting accuracy and loss of training and validation data
[05/25/2022 11:07:24 AM] INFO: Making predictions on test dataset and organizing entries into confidence directories
[05/25/2022 11:12:02 AM] INFO: Converting directory into training and validation datasets
[05/25/2022 11:12:02 AM] INFO: Generating model
[05/25/2022 11:12:02 AM] INFO: Compiling model
[05/25/2022 11:12:02 AM] INFO: Training model
[05/25/2022 11:12:33 AM] INFO: Finished Training
[05/25/2022 11:12:33 AM] INFO: Plotting accuracy and loss of training and validation data
[05/25/2022 11:12:39 AM] INFO: Making predictions on test dataset and organizing entries into confidence directories
[05/25/2022 11:15:22 AM] INFO: Finished predicting test data 
[05/25/2022 11:18:50 AM] INFO: Converting directory into training and validation datasets
[05/25/2022 11:18:50 AM] INFO: Generating model
[05/25/2022 11:18:51 AM] INFO: Compiling model
[05/25/2022 11:18:51 AM] INFO: Training model
[05/25/2022 11:19:19 AM] INFO: Finished Training
[05/25/2022 11:19:19 AM] INFO: Plotting accuracy and loss of training and validation data
[05/25/2022 11:19:21 AM] INFO: Making predictions on test dataset and organizing entries into confidence directories
[05/25/2022 11:19:29 AM] INFO: Finished predicting test data 
[05/25/2022 11:25:30 AM] INFO: Converting directory into training and validation datasets
[05/25/2022 11:25:30 AM] INFO: Generating model
[05/25/2022 11:25:30 AM] INFO: Compiling model
[05/25/2022 11:25:30 AM] INFO: Training model
[05/25/2022 11:25:47 AM] INFO: Converting directory into training and validation datasets
[05/25/2022 11:25:47 AM] INFO: Generating model
[05/25/2022 11:25:47 AM] INFO: Compiling model
[05/25/2022 11:25:47 AM] INFO: Training model
[05/25/2022 11:25:54 AM] INFO: Finished Training
[05/25/2022 11:25:54 AM] INFO: Plotting accuracy and loss of training and validation data
[05/25/2022 11:25:57 AM] INFO: Making predictions on test dataset and organizing entries into confidence directories
[05/25/2022 11:26:04 AM] INFO: Finished predicting test data 
[05/25/2022 11:28:56 AM] INFO: Converting directory into training and validation datasets
[05/25/2022 11:28:56 AM] INFO: Generating model
[05/25/2022 11:28:56 AM] INFO: Compiling model
[05/25/2022 11:28:56 AM] INFO: Training model
[05/25/2022 11:29:03 AM] INFO: Finished Training
[05/25/2022 11:29:03 AM] INFO: Plotting accuracy and loss of training and validation data
[05/25/2022 11:29:04 AM] INFO: Making predictions on test dataset and organizing entries into confidence directories
[05/25/2022 11:29:11 AM] INFO: Finished predicting test data 
[05/25/2022 12:56:32 PM] INFO: Converting directory into training and validation datasets
[05/25/2022 12:56:33 PM] INFO: Training model
[05/25/2022 01:00:23 PM] INFO: Converting directory into training and validation datasets
[05/25/2022 01:00:24 PM] INFO: Training model
[05/25/2022 01:00:31 PM] INFO: Finished Training
[05/25/2022 01:00:31 PM] INFO: Plotting accuracy and loss of training and validation data
[05/25/2022 01:00:40 PM] INFO: Making predictions on test dataset and organizing entries into confidence directories
[05/25/2022 01:03:36 PM] INFO: Converting directory into training and validation datasets
[05/25/2022 01:03:37 PM] INFO: Training model
[05/25/2022 01:03:44 PM] INFO: Finished Training
[05/25/2022 01:03:44 PM] INFO: Plotting accuracy and loss of training and validation data
[05/25/2022 01:03:46 PM] INFO: Making predictions on test dataset and organizing entries into confidence directories
[05/25/2022 01:03:53 PM] INFO: Finished predicting test data 
[05/25/2022 01:11:03 PM] INFO: Converting directory into training and validation datasets
[05/25/2022 01:11:05 PM] INFO: Training model
[05/25/2022 01:20:49 PM] INFO: Finished Training
[05/25/2022 01:20:49 PM] INFO: Plotting accuracy and loss of training and validation data
[05/25/2022 01:25:25 PM] INFO: Making predictions on test dataset and organizing entries into confidence directories
[05/25/2022 01:38:11 PM] INFO: Converting directory into training and validation datasets
[05/25/2022 01:38:14 PM] INFO: Training model
[05/25/2022 01:41:37 PM] INFO: Converting directory into training and validation datasets
[05/25/2022 01:41:39 PM] INFO: Training model
[05/25/2022 01:42:35 PM] INFO: Converting directory into training and validation datasets
[05/25/2022 01:42:37 PM] INFO: Training model
[05/25/2022 01:46:28 PM] INFO: Converting directory into training and validation datasets
[05/25/2022 01:46:31 PM] INFO: Training model
[05/25/2022 01:49:30 PM] INFO: Converting directory into training and validation datasets
[05/25/2022 01:49:33 PM] INFO: Training model
[05/25/2022 01:52:18 PM] INFO: Converting directory into training and validation datasets
[05/25/2022 01:52:20 PM] INFO: Training model
[05/25/2022 01:55:32 PM] INFO: Converting directory into training and validation datasets
[05/25/2022 01:55:35 PM] INFO: Training model
[05/25/2022 02:06:08 PM] INFO: Finished Training
[05/25/2022 02:06:08 PM] INFO: Plotting accuracy and loss of training and validation data
[05/25/2022 02:06:18 PM] INFO: Making predictions on test dataset and organizing entries into confidence directories
[05/25/2022 02:07:46 PM] INFO: Converting directory into training and validation datasets
[05/25/2022 02:07:47 PM] INFO: Training model
[05/25/2022 02:07:54 PM] INFO: Finished Training
[05/25/2022 02:07:54 PM] INFO: Plotting accuracy and loss of training and validation data
[05/25/2022 02:08:00 PM] INFO: Making predictions on test dataset and organizing entries into confidence directories
[05/25/2022 02:08:13 PM] INFO: Converting directory into training and validation datasets
[05/25/2022 02:08:14 PM] INFO: Training model
[05/25/2022 02:08:23 PM] INFO: Finished Training
[05/25/2022 02:08:23 PM] INFO: Plotting accuracy and loss of training and validation data
[05/25/2022 02:08:25 PM] INFO: Making predictions on test dataset and organizing entries into confidence directories
[05/25/2022 02:11:18 PM] INFO: Converting directory into training and validation datasets
[05/25/2022 02:11:19 PM] INFO: Training model
[05/25/2022 02:11:27 PM] INFO: Finished Training
[05/25/2022 02:11:27 PM] INFO: Plotting accuracy and loss of training and validation data
[05/25/2022 02:11:31 PM] INFO: Making predictions on test dataset and organizing entries into confidence directories
[05/25/2022 02:11:39 PM] INFO: Finished predicting test data 
[05/25/2022 02:12:06 PM] INFO: Converting directory into training and validation datasets
[05/25/2022 02:12:07 PM] INFO: Training model
[05/25/2022 02:12:15 PM] INFO: Finished Training
[05/25/2022 02:12:15 PM] INFO: Plotting accuracy and loss of training and validation data
[05/25/2022 02:12:30 PM] INFO: Making predictions on test dataset and organizing entries into confidence directories
[05/25/2022 02:12:38 PM] INFO: Finished predicting test data 
[05/25/2022 02:13:09 PM] INFO: Converting directory into training and validation datasets
[05/25/2022 02:13:11 PM] INFO: Training model
[05/25/2022 02:13:18 PM] INFO: Finished Training
[05/25/2022 02:13:18 PM] INFO: Plotting accuracy and loss of training and validation data
[05/25/2022 02:13:20 PM] INFO: Making predictions on test dataset and organizing entries into confidence directories
[05/25/2022 02:14:20 PM] INFO: Converting directory into training and validation datasets
[05/25/2022 02:14:21 PM] INFO: Training model
[05/25/2022 02:14:28 PM] INFO: Finished Training
[05/25/2022 02:14:28 PM] INFO: Plotting accuracy and loss of training and validation data
[05/25/2022 02:14:30 PM] INFO: Making predictions on test dataset and organizing entries into confidence directories
[05/25/2022 02:14:37 PM] INFO: Finished predicting test data 
[05/25/2022 02:15:02 PM] INFO: Converting directory into training and validation datasets
[05/25/2022 02:15:03 PM] INFO: Training model
[05/25/2022 02:15:10 PM] INFO: Finished Training
[05/25/2022 02:15:10 PM] INFO: Plotting accuracy and loss of training and validation data
[05/25/2022 02:15:13 PM] INFO: Making predictions on test dataset and organizing entries into confidence directories
[05/25/2022 02:15:58 PM] INFO: Converting directory into training and validation datasets
[05/25/2022 02:15:59 PM] INFO: Training model
[05/25/2022 02:16:07 PM] INFO: Finished Training
[05/25/2022 02:16:07 PM] INFO: Plotting accuracy and loss of training and validation data
[05/25/2022 02:16:09 PM] INFO: Making predictions on test dataset and organizing entries into confidence directories
[05/25/2022 02:16:38 PM] INFO: Converting directory into training and validation datasets
[05/25/2022 02:16:39 PM] INFO: Training model
[05/25/2022 02:16:46 PM] INFO: Finished Training
[05/25/2022 02:16:46 PM] INFO: Plotting accuracy and loss of training and validation data
[05/25/2022 02:16:49 PM] INFO: Making predictions on test dataset and organizing entries into confidence directories
[05/25/2022 02:16:56 PM] INFO: Finished predicting test data 
[05/25/2022 02:18:56 PM] INFO: Converting directory into training and validation datasets
[05/25/2022 02:18:57 PM] INFO: Training model
[05/25/2022 02:19:05 PM] INFO: Finished Training
[05/25/2022 02:19:05 PM] INFO: Plotting accuracy and loss of training and validation data
[05/25/2022 02:22:24 PM] INFO: Making predictions on test dataset and organizing entries into confidence directories
[05/25/2022 02:22:32 PM] INFO: Finished predicting test data 
[05/25/2022 02:23:30 PM] INFO: Converting directory into training and validation datasets
[05/25/2022 02:23:31 PM] INFO: Training model
[05/25/2022 02:23:39 PM] INFO: Finished Training
[05/25/2022 02:23:39 PM] INFO: Plotting accuracy and loss of training and validation data
[05/25/2022 02:23:41 PM] INFO: Making predictions on test dataset and organizing entries into confidence directories
[05/25/2022 02:23:48 PM] INFO: Finished predicting test data 
[05/25/2022 02:25:25 PM] INFO: Converting directory into training and validation datasets
[05/25/2022 02:25:26 PM] INFO: Training model
[05/25/2022 02:25:34 PM] INFO: Finished Training
[05/25/2022 02:25:34 PM] INFO: Plotting accuracy and loss of training and validation data
[05/25/2022 02:25:36 PM] INFO: Making predictions on test dataset and organizing entries into confidence directories
[05/25/2022 02:27:02 PM] INFO: Converting directory into training and validation datasets
[05/25/2022 02:27:03 PM] INFO: Training model
[05/25/2022 02:27:11 PM] INFO: Finished Training
[05/25/2022 02:27:11 PM] INFO: Plotting accuracy and loss of training and validation data
[05/25/2022 02:27:12 PM] INFO: Making predictions on test dataset and organizing entries into confidence directories
[05/25/2022 02:27:39 PM] INFO: Converting directory into training and validation datasets
[05/25/2022 02:27:40 PM] INFO: Training model
[05/25/2022 02:27:48 PM] INFO: Finished Training
[05/25/2022 02:27:48 PM] INFO: Plotting accuracy and loss of training and validation data
[05/25/2022 02:27:50 PM] INFO: Making predictions on test dataset and organizing entries into confidence directories
[05/25/2022 02:28:27 PM] INFO: Converting directory into training and validation datasets
[05/25/2022 02:28:29 PM] INFO: Training model
[05/25/2022 02:28:36 PM] INFO: Finished Training
[05/25/2022 02:28:36 PM] INFO: Plotting accuracy and loss of training and validation data
[05/25/2022 02:28:39 PM] INFO: Making predictions on test dataset and organizing entries into confidence directories
[05/25/2022 02:29:22 PM] INFO: Converting directory into training and validation datasets
[05/25/2022 02:29:23 PM] INFO: Training model
[05/25/2022 02:29:31 PM] INFO: Finished Training
[05/25/2022 02:29:31 PM] INFO: Plotting accuracy and loss of training and validation data
[05/25/2022 02:29:34 PM] INFO: Making predictions on test dataset and organizing entries into confidence directories
[05/25/2022 02:30:00 PM] INFO: Converting directory into training and validation datasets
[05/25/2022 02:30:01 PM] INFO: Training model
[05/25/2022 02:30:09 PM] INFO: Finished Training
[05/25/2022 02:30:09 PM] INFO: Plotting accuracy and loss of training and validation data
[05/25/2022 02:30:13 PM] INFO: Making predictions on test dataset and organizing entries into confidence directories
[05/25/2022 02:30:47 PM] INFO: Converting directory into training and validation datasets
[05/25/2022 02:30:48 PM] INFO: Training model
[05/25/2022 02:30:52 PM] INFO: Finished Training
[05/25/2022 02:30:52 PM] INFO: Plotting accuracy and loss of training and validation data
[05/25/2022 02:30:54 PM] INFO: Making predictions on test dataset and organizing entries into confidence directories
[05/25/2022 02:31:10 PM] INFO: Converting directory into training and validation datasets
[05/25/2022 02:31:11 PM] INFO: Training model
[05/25/2022 02:31:15 PM] INFO: Finished Training
[05/25/2022 02:31:15 PM] INFO: Plotting accuracy and loss of training and validation data
[05/25/2022 02:31:18 PM] INFO: Making predictions on test dataset and organizing entries into confidence directories
[05/25/2022 02:31:25 PM] INFO: Finished predicting test data 
[05/25/2022 02:31:41 PM] INFO: Converting directory into training and validation datasets
[05/25/2022 02:31:42 PM] INFO: Training model
[05/25/2022 02:31:46 PM] INFO: Finished Training
[05/25/2022 02:31:46 PM] INFO: Plotting accuracy and loss of training and validation data
[05/25/2022 02:31:48 PM] INFO: Making predictions on test dataset and organizing entries into confidence directories
[05/25/2022 02:32:00 PM] INFO: Converting directory into training and validation datasets
[05/25/2022 02:32:01 PM] INFO: Training model
[05/25/2022 02:32:05 PM] INFO: Finished Training
[05/25/2022 02:32:05 PM] INFO: Plotting accuracy and loss of training and validation data
[05/25/2022 02:32:07 PM] INFO: Making predictions on test dataset and organizing entries into confidence directories
[05/25/2022 02:32:14 PM] INFO: Finished predicting test data 
[05/25/2022 02:32:48 PM] INFO: Converting directory into training and validation datasets
[05/25/2022 02:32:49 PM] INFO: Training model
[05/25/2022 02:32:54 PM] INFO: Finished Training
[05/25/2022 02:32:54 PM] INFO: Plotting accuracy and loss of training and validation data
[05/25/2022 02:32:55 PM] INFO: Making predictions on test dataset and organizing entries into confidence directories
[05/25/2022 02:33:02 PM] INFO: Finished predicting test data 
[05/25/2022 02:33:22 PM] INFO: Converting directory into training and validation datasets
[05/25/2022 02:33:23 PM] INFO: Training model
[05/25/2022 02:33:27 PM] INFO: Finished Training
[05/25/2022 02:33:27 PM] INFO: Plotting accuracy and loss of training and validation data
[05/25/2022 02:33:29 PM] INFO: Making predictions on test dataset and organizing entries into confidence directories
[05/25/2022 02:33:36 PM] INFO: Finished predicting test data 
